<?xml version="1.0" encoding="UTF-8"?>
<!-- Generated by org.testng.reporters.JUnitXMLReporter -->
<testsuite ignored="0" hostname="Gunjans-MacBook-Air.local" failures="0" tests="2" name="Default test" time="9.213" errors="0" timestamp="2024-02-21T15:46:44 EST">
  <testcase classname="GunjanSrivastavaAutomation.Tests.GoogleSearch" name="verifyItemUponGoogleSearch" time="1.234"/>
  <testcase classname="GunjanSrivastavaAutomation.Tests.GoogleSearch" name="verifyItemUponGoogleSearch" time="1.276"/>
</testsuite> <!-- Default test -->
