<?xml version="1.0" encoding="UTF-8"?>
<!-- Generated by org.testng.reporters.JUnitXMLReporter -->
<testsuite ignored="0" hostname="Gunjans-MacBook-Air.local" failures="0" tests="3" name="Google Search" time="14.011" errors="0" timestamp="2024-02-19T23:57:23 EST">
  <testcase classname="GunjanSrivastavaAutomation.Tests.GoogleSearch" name="verifyItemUponGoogleSearch" time="2.208">
    <skipped/>
  </testcase> <!-- verifyItemUponGoogleSearch -->
  <testcase classname="GunjanSrivastavaAutomation.Tests.GoogleSearch" name="verifyItemUponGoogleSearch" time="2.284"/>
  <testcase classname="GunjanSrivastavaAutomation.Tests.GoogleSearch" name="verifyItemUponGoogleSearch" time="2.448"/>
</testsuite> <!-- Google Search -->
