<?xml version="1.0" encoding="UTF-8"?>
<testng-results ignored="0" total="2" passed="2" failed="0" skipped="0">
  <reporter-output>
  </reporter-output>
  <suite started-at="2024-02-21T15:46:35 EST" name="Default suite" finished-at="2024-02-21T15:46:44 EST" duration-ms="9213">
    <groups>
    </groups>
    <test started-at="2024-02-21T15:46:35 EST" name="Default test" finished-at="2024-02-21T15:46:44 EST" duration-ms="9213">
      <class name="GunjanSrivastavaAutomation.Tests.GoogleSearch">
        <test-method is-config="true" signature="launchApplication()[pri:0, instance:GunjanSrivastavaAutomation.Tests.GoogleSearch@1af2d44a]" started-at="2024-02-21T15:46:35 EST" name="launchApplication" finished-at="2024-02-21T15:46:40 EST" duration-ms="4675" status="PASS">
          <reporter-output>
          </reporter-output>
        </test-method> <!-- launchApplication -->
        <test-method signature="verifyItemUponGoogleSearch(java.util.HashMap)[pri:0, instance:GunjanSrivastavaAutomation.Tests.GoogleSearch@1af2d44a]" started-at="2024-02-21T15:46:40 EST" name="verifyItemUponGoogleSearch" data-provider="getData" finished-at="2024-02-21T15:46:41 EST" duration-ms="1234" status="PASS">
          <params>
            <param index="0">
              <value>
                <![CDATA[{searchkeyword=dog leash}]]>
              </value>
            </param>
          </params>
          <reporter-output>
          </reporter-output>
        </test-method> <!-- verifyItemUponGoogleSearch -->
        <test-method is-config="true" signature="closeDriver()[pri:0, instance:GunjanSrivastavaAutomation.Tests.GoogleSearch@1af2d44a]" started-at="2024-02-21T15:46:41 EST" name="closeDriver" finished-at="2024-02-21T15:46:41 EST" duration-ms="149" status="PASS">
          <reporter-output>
          </reporter-output>
        </test-method> <!-- closeDriver -->
        <test-method is-config="true" signature="launchApplication()[pri:0, instance:GunjanSrivastavaAutomation.Tests.GoogleSearch@1af2d44a]" started-at="2024-02-21T15:46:41 EST" name="launchApplication" finished-at="2024-02-21T15:46:43 EST" duration-ms="1626" status="PASS">
          <reporter-output>
          </reporter-output>
        </test-method> <!-- launchApplication -->
        <test-method signature="verifyItemUponGoogleSearch(java.util.HashMap)[pri:0, instance:GunjanSrivastavaAutomation.Tests.GoogleSearch@1af2d44a]" started-at="2024-02-21T15:46:43 EST" name="verifyItemUponGoogleSearch" data-provider="getData" finished-at="2024-02-21T15:46:44 EST" duration-ms="1276" status="PASS">
          <params>
            <param index="0">
              <value>
                <![CDATA[{searchkeyword=dog harness}]]>
              </value>
            </param>
          </params>
          <reporter-output>
          </reporter-output>
        </test-method> <!-- verifyItemUponGoogleSearch -->
        <test-method is-config="true" signature="closeDriver()[pri:0, instance:GunjanSrivastavaAutomation.Tests.GoogleSearch@1af2d44a]" started-at="2024-02-21T15:46:44 EST" name="closeDriver" finished-at="2024-02-21T15:46:44 EST" duration-ms="131" status="PASS">
          <reporter-output>
          </reporter-output>
        </test-method> <!-- closeDriver -->
      </class> <!-- GunjanSrivastavaAutomation.Tests.GoogleSearch -->
    </test> <!-- Default test -->
  </suite> <!-- Default suite -->
</testng-results>
